-------------------------------------------------------------------------------
Test set: org.abn.recipe.RecipeApplicationTests
-------------------------------------------------------------------------------
Tests run: 1, Failures: 0, Errors: 1, Skipped: 0, Time elapsed: 3.071 s <<< FAILURE! - in org.abn.recipe.RecipeApplicationTests
contextLoad  Time elapsed: 0 s  <<< ERROR!
java.lang.IllegalStateException: Failed to load ApplicationContext
Caused by: org.springframework.beans.factory.UnsatisfiedDependencyException: Error creating bean with name 'securityConfig': Unsatisfied dependency expressed through field 'filter'; nested exception is org.springframework.beans.factory.UnsatisfiedDependencyException: Error creating bean with name 'JWTFilter': Unsatisfied dependency expressed through field 'jwtUtil'; nested exception is org.springframework.beans.factory.BeanCreationException: Error creating bean with name 'JWTUtil': Injection of autowired dependencies failed; nested exception is java.lang.IllegalArgumentException: Could not resolve placeholder 'jwt_secret' in value "${jwt_secret}"
Caused by: org.springframework.beans.factory.UnsatisfiedDependencyException: Error creating bean with name 'JWTFilter': Unsatisfied dependency expressed through field 'jwtUtil'; nested exception is org.springframework.beans.factory.BeanCreationException: Error creating bean with name 'JWTUtil': Injection of autowired dependencies failed; nested exception is java.lang.IllegalArgumentException: Could not resolve placeholder 'jwt_secret' in value "${jwt_secret}"
Caused by: org.springframework.beans.factory.BeanCreationException: Error creating bean with name 'JWTUtil': Injection of autowired dependencies failed; nested exception is java.lang.IllegalArgumentException: Could not resolve placeholder 'jwt_secret' in value "${jwt_secret}"
Caused by: java.lang.IllegalArgumentException: Could not resolve placeholder 'jwt_secret' in value "${jwt_secret}"

